<?xml version="1.0" encoding="UTF-8"?>
<!-- Generated by org.testng.reporters.JUnitReportReporter -->
<testsuite hostname="Furkan" failures="0" tests="1" name="coverFox_TestClass.TC123_CoverFox_ValidatePolicyCount" time="15.250" errors="0" timestamp="2024-10-08T22:01:32 IST" skipped="0">
  <testcase classname="coverFox_TestClass.TC123_CoverFox_ValidatePolicyCount" name="validatePolicyCount" time="15.250">
    <system-out>
      <![CDATA[Getting count from result text
Getting count from banner
TC validatePolicyCount passed]]>
    </system-out>
  </testcase> <!-- validatePolicyCount -->
  <system-out>
    <![CDATA[Launching coverfox application
Waiting...
Clicking on gender
Clicking on Next button
Selecting Age
Clicking on Next button
Entering Pincode
Entering Mobile No.
Clicking on Continue Button
Getting count from result text
Getting count from banner
TC validatePolicyCount passed
Closing appication]]>
  </system-out>
</testsuite> <!-- coverFox_TestClass.TC123_CoverFox_ValidatePolicyCount -->
