<?xml version="1.0" encoding="UTF-8"?>
<!-- Generated by org.testng.reporters.JUnitReportReporter -->
<testsuite hostname="Furkan" failures="0" tests="1" name="coverFox_TestClass.TC123_CoverFox_ValidateAgeErrorMsg" time="8.183" errors="0" timestamp="2024-10-14T16:48:11 IST" skipped="0">
  <testcase classname="coverFox_TestClass.TC123_CoverFox_ValidateAgeErrorMsg" name="validateAgeErrorMsg" time="8.183"/>
  <system-out>
    <![CDATA[Launching coverfox application
Waiting...
Clicking on gender
Clicking on Next button
Clicking on Next button
Closing appication]]>
  </system-out>
</testsuite> <!-- coverFox_TestClass.TC123_CoverFox_ValidateAgeErrorMsg -->
