<?xml version="1.0" encoding="UTF-8"?>
<!-- Generated by org.testng.reporters.JUnitReportReporter -->
<testsuite hostname="Furkan" failures="0" tests="2" name="coverFox_TestClass.TC123_CoverFox_ValidateErrorMsgsOfPinAndMobile" time="39.593" errors="0" timestamp="2024-10-14T11:23:11 IST" skipped="0">
  <testcase classname="coverFox_TestClass.TC123_CoverFox_ValidateErrorMsgsOfPinAndMobile" name="validatePincodeErrorMsg" time="12.689">
    <system-out>
      <![CDATA[Entering Mobile No.
Clicking on Continue Button
TC validatePincodeErrorMsg passed]]>
    </system-out>
  </testcase> <!-- validatePincodeErrorMsg -->
  <testcase classname="coverFox_TestClass.TC123_CoverFox_ValidateErrorMsgsOfPinAndMobile" name="validateMobileErrorMsg" time="26.904">
    <system-out>
      <![CDATA[Entering Pincode
Clicking on Continue Button
TC validateMobileErrorMsg passed]]>
    </system-out>
  </testcase> <!-- validateMobileErrorMsg -->
  <system-out>
    <![CDATA[Launching coverfox application
Waiting...
Clicking on gender
Clicking on Next button
Selecting Age
Clicking on Next button
Entering Mobile No.
Clicking on Continue Button
TC validatePincodeErrorMsg passed
Closing appication
Launching coverfox application
Waiting...
Clicking on gender
Clicking on Next button
Selecting Age
Clicking on Next button
Entering Pincode
Clicking on Continue Button
TC validateMobileErrorMsg passed
Closing appication]]>
  </system-out>
</testsuite> <!-- coverFox_TestClass.TC123_CoverFox_ValidateErrorMsgsOfPinAndMobile -->
